#
# There is insufficient memory for the Java Runtime Environment to continue.
# Native memory allocation (malloc) failed to allocate 229856 bytes. Error detail: Chunk::new
# Possible reasons:
#   The system is out of physical RAM or swap space
#   This process is running with CompressedOops enabled, and the Java Heap may be blocking the growth of the native heap
# Possible solutions:
#   Reduce memory load on the system
#   Increase physical memory or swap space
#   Check if swap backing store is full
#   Decrease Java heap size (-Xmx/-Xms)
#   Decrease number of Java threads
#   Decrease Java thread stack sizes (-Xss)
#   Set larger code cache with -XX:ReservedCodeCacheSize=
#   JVM is running with Unscaled Compressed Oops mode in which the Java heap is
#     placed in the first 4GB address space. The Java Heap base address is the
#     maximum limit for the native heap growth. Please use -XX:HeapBaseMinAddress
#     to set the Java Heap base and to place the Java Heap above 4GB virtual address.
# This output file may be truncated or incomplete.
#
#  Out of Memory Error (arena.cpp:191), pid=240960, tid=232820
#
# JRE version: OpenJDK Runtime Environment Microsoft-12574423 (17.0.17+10) (build 17.0.17+10-LTS)
# Java VM: OpenJDK 64-Bit Server VM Microsoft-12574423 (17.0.17+10-LTS, mixed mode, sharing, tiered, compressed oops, compressed class ptrs, g1 gc, windows-amd64)
# No core dump will be written. Minidumps are not enabled by default on client versions of Windows
#

---------------  S U M M A R Y ------------

Command Line: -Xmx64m -Xms64m -Dorg.gradle.appname=gradlew X:\Development\SIMBA\MOBILE_APP_REACT_NATIVE\android\\gradle\wrapper\gradle-wrapper.jar assembleDebug --no-daemon

Host: AMD Ryzen 7 7735HS with Radeon Graphics        , 16 cores, 13G,  Windows 11 , 64 bit Build 26100 (10.0.26100.8328)
Time: Wed Jul 15 14:56:25 2026 India Standard Time elapsed time: 104.039860 seconds (0d 0h 1m 44s)

---------------  T H R E A D  ---------------

Current thread (0x000001c37f3cad80):  JavaThread "C2 CompilerThread0" daemon [_thread_in_native, id=232820, stack(0x00000088a0600000,0x00000088a0700000)]


Current CompileTask:
C2:104041 2393       4       org.gradle.internal.logging.console.DefaultRedrawableLabel::redraw (163 bytes)

Stack: [0x00000088a0600000,0x00000088a0700000]
Native frames: (J=compiled Java code, j=interpreted, Vv=VM code, C=native code)
V  [jvm.dll+0x68c459]  (no source info available)
V  [jvm.dll+0x845e09]  (no source info available)
V  [jvm.dll+0x847b78]  (no source info available)
V  [jvm.dll+0x848203]  (no source info available)
V  [jvm.dll+0x24cf6f]  (no source info available)
V  [jvm.dll+0xaecb6]  (no source info available)
V  [jvm.dll+0xaf35c]  (no source info available)
V  [jvm.dll+0x2b4b8f]  (no source info available)
V  [jvm.dll+0x594484]  (no source info available)
V  [jvm.dll+0x226d84]  (no source info available)
V  [jvm.dll+0x21f785]  (no source info available)
V  [jvm.dll+0x21d260]  (no source info available)
V  [jvm.dll+0x1a8ce6]  (no source info available)
V  [jvm.dll+0x22db1b]  (no source info available)
V  [jvm.dll+0x22bca6]  (no source info available)
V  [jvm.dll+0x7fb65b]  (no source info available)
V  [jvm.dll+0x7f5a5c]  (no source info available)
V  [jvm.dll+0x68d9f7]  (no source info available)
C  [ucrtbase.dll+0x37b0]  (no source info available)
C  [KERNEL32.DLL+0x2e957]  (no source info available)
C  [ntdll.dll+0x427c]  (no source info available)


---------------  P R O C E S S  ---------------

Threads class SMR info:
_java_thread_list=0x000001c35f52c970, length=18, elements={
0x000001c37b61ea30, 0x000001c37f39eba0, 0x000001c37f3a1c00, 0x000001c37f3bd9d0,
0x000001c37f3bdeb0, 0x000001c37f3c1a80, 0x000001c37f3c5f70, 0x000001c37f3cad80,
0x000001c37f3ce400, 0x000001c37f3d04a0, 0x000001c318bade10, 0x000001c318bb1980,
0x000001c35f6caef0, 0x000001c35f32a520, 0x000001c35f679e00, 0x000001c35efdd210,
0x000001c35f555030, 0x000001c35f555a50
}

Java Threads: ( => current thread )
  0x000001c37b61ea30 JavaThread "main" [_thread_in_native, id=241120, stack(0x000000889f900000,0x000000889fa00000)]
  0x000001c37f39eba0 JavaThread "Reference Handler" daemon [_thread_blocked, id=228308, stack(0x00000088a0000000,0x00000088a0100000)]
  0x000001c37f3a1c00 JavaThread "Finalizer" daemon [_thread_blocked, id=222644, stack(0x00000088a0100000,0x00000088a0200000)]
  0x000001c37f3bd9d0 JavaThread "Signal Dispatcher" daemon [_thread_blocked, id=211456, stack(0x00000088a0200000,0x00000088a0300000)]
  0x000001c37f3bdeb0 JavaThread "Attach Listener" daemon [_thread_blocked, id=207468, stack(0x00000088a0300000,0x00000088a0400000)]
  0x000001c37f3c1a80 JavaThread "Service Thread" daemon [_thread_blocked, id=233592, stack(0x00000088a0400000,0x00000088a0500000)]
  0x000001c37f3c5f70 JavaThread "Monitor Deflation Thread" daemon [_thread_blocked, id=227496, stack(0x00000088a0500000,0x00000088a0600000)]
=>0x000001c37f3cad80 JavaThread "C2 CompilerThread0" daemon [_thread_in_native, id=232820, stack(0x00000088a0600000,0x00000088a0700000)]
  0x000001c37f3ce400 JavaThread "C1 CompilerThread0" daemon [_thread_blocked, id=240476, stack(0x00000088a0700000,0x00000088a0800000)]
  0x000001c37f3d04a0 JavaThread "Sweeper thread" daemon [_thread_blocked, id=224632, stack(0x00000088a0800000,0x00000088a0900000)]
  0x000001c318bade10 JavaThread "Notification Thread" daemon [_thread_blocked, id=201632, stack(0x00000088a0a00000,0x00000088a0b00000)]
  0x000001c318bb1980 JavaThread "Common-Cleaner" daemon [_thread_blocked, id=191616, stack(0x00000088a0c00000,0x00000088a0d00000)]
  0x000001c35f6caef0 JavaThread "pool-1-thread-1" [_thread_blocked, id=226024, stack(0x00000088a0e00000,0x00000088a0f00000)]
  0x000001c35f32a520 JavaThread "ForkJoinPool.commonPool-worker-1" daemon [_thread_blocked, id=237688, stack(0x00000088a1200000,0x00000088a1300000)]
  0x000001c35f679e00 JavaThread "ForkJoinPool.commonPool-worker-3" daemon [_thread_blocked, id=224908, stack(0x00000088a1900000,0x00000088a1a00000)]
  0x000001c35efdd210 JavaThread "ForkJoinPool.commonPool-worker-4" daemon [_thread_blocked, id=187820, stack(0x00000088a1a00000,0x00000088a1b00000)]
  0x000001c35f555030 JavaThread "ForkJoinPool.commonPool-worker-5" daemon [_thread_blocked, id=239952, stack(0x00000088a1b00000,0x00000088a1c00000)]
  0x000001c35f555a50 JavaThread "ForkJoinPool.commonPool-worker-6" daemon [_thread_blocked, id=224308, stack(0x00000088a1c00000,0x00000088a1d00000)]

Other Threads:
  0x000001c37f39ace0 VMThread "VM Thread" [stack: 0x000000889ff00000,0x00000088a0000000] [id=238664]
  0x000001c318bb0b10 WatcherThread [stack: 0x00000088a0b00000,0x00000088a0c00000] [id=235396]
  0x000001c37d9727e0 GCTaskThread "GC Thread#0" [stack: 0x000000889fa00000,0x000000889fb00000] [id=231572]
  0x000001c318bed7f0 GCTaskThread "GC Thread#1" [stack: 0x00000088a0f00000,0x00000088a1000000] [id=205188]
  0x000001c318bedd90 GCTaskThread "GC Thread#2" [stack: 0x00000088a1000000,0x00000088a1100000] [id=215780]
  0x000001c318becf80 GCTaskThread "GC Thread#3" [stack: 0x00000088a1100000,0x00000088a1200000] [id=225128]
  0x000001c318bee060 GCTaskThread "GC Thread#4" [stack: 0x00000088a1400000,0x00000088a1500000] [id=17820]
  0x000001c35f0e2250 GCTaskThread "GC Thread#5" [stack: 0x00000088a1500000,0x00000088a1600000] [id=189776]
  0x000001c35f0e0bd0 GCTaskThread "GC Thread#6" [stack: 0x00000088a1600000,0x00000088a1700000] [id=182064]
  0x000001c35f0df550 GCTaskThread "GC Thread#7" [stack: 0x00000088a1700000,0x00000088a1800000] [id=185920]
  0x000001c35f0e2ac0 GCTaskThread "GC Thread#8" [stack: 0x000000889f600000,0x000000889f700000] [id=233300]
  0x000001c35f0e0ea0 GCTaskThread "GC Thread#9" [stack: 0x000000889f700000,0x000000889f800000] [id=223540]
  0x000001c35f0e19e0 GCTaskThread "GC Thread#10" [stack: 0x000000889f800000,0x000000889f900000] [id=230328]
  0x000001c35f0df820 GCTaskThread "GC Thread#11" [stack: 0x00000088a1300000,0x00000088a1400000] [id=197152]
  0x000001c37d973f40 ConcurrentGCThread "G1 Main Marker" [stack: 0x000000889fb00000,0x000000889fc00000] [id=218708]
  0x000001c37d976c80 ConcurrentGCThread "G1 Conc#0" [stack: 0x000000889fc00000,0x000000889fd00000] [id=230848]
  0x000001c37f260090 ConcurrentGCThread "G1 Refine#0" [stack: 0x000000889fd00000,0x000000889fe00000] [id=206356]
  0x000001c37f2613a0 ConcurrentGCThread "G1 Service" [stack: 0x000000889fe00000,0x000000889ff00000] [id=240032]

Threads with active compile tasks:
C2 CompilerThread0  104150 2393       4       org.gradle.internal.logging.console.DefaultRedrawableLabel::redraw (163 bytes)

VM state: not at safepoint (normal execution)

VM Mutex/Monitor currently owned by a thread: None

Heap address: 0x00000000fc000000, size: 64 MB, Compressed Oops mode: 32-bit

CDS archive(s) mapped at: [0x000001c319000000-0x000001c319bb0000-0x000001c319bb0000), size 12255232, SharedBaseAddress: 0x000001c319000000, ArchiveRelocationMode: 1.
Compressed class space mapped at: 0x000001c31a000000-0x000001c35a000000, reserved size: 1073741824
Narrow klass base: 0x000001c319000000, Narrow klass shift: 0, Narrow klass range: 0x100000000

GC Precious Log:
 CPUs: 16 total, 16 available
 Memory: 13666M
 Large Page Support: Disabled
 NUMA Support: Disabled
 Compressed Oops: Enabled (32-bit)
 Heap Region Size: 1M
 Heap Min Capacity: 64M
 Heap Initial Capacity: 64M
 Heap Max Capacity: 64M
 Pre-touch: Disabled
 Parallel Workers: 13
 Concurrent Workers: 3
 Concurrent Refinement Workers: 13
 Periodic GC: Disabled

Heap:
 garbage-first heap   total 65536K, used 14705K [0x00000000fc000000, 0x0000000100000000)
  region size 1024K, 4 young (4096K), 2 survivors (2048K)
 Metaspace       used 12654K, committed 12928K, reserved 1114112K
  class space    used 1647K, committed 1792K, reserved 1048576K

Heap Regions: E=young(eden), S=young(survivor), O=old, HS=humongous(starts), HC=humongous(continues), CS=collection set, F=free, OA=open archive, CA=closed archive, TAMS=top-at-mark-start (previous, next)
|   0|0x00000000fc000000, 0x00000000fc100000, 0x00000000fc100000|100%|HS|  |TAMS 0x00000000fc000000, 0x00000000fc000000| Complete 
|   1|0x00000000fc100000, 0x00000000fc200000, 0x00000000fc200000|100%|HC|  |TAMS 0x00000000fc100000, 0x00000000fc100000| Complete 
|   2|0x00000000fc200000, 0x00000000fc300000, 0x00000000fc300000|100%|HC|  |TAMS 0x00000000fc200000, 0x00000000fc200000| Complete 
|   3|0x00000000fc300000, 0x00000000fc400000, 0x00000000fc400000|100%|HC|  |TAMS 0x00000000fc300000, 0x00000000fc300000| Complete 
|   4|0x00000000fc400000, 0x00000000fc500000, 0x00000000fc500000|100%| O|  |TAMS 0x00000000fc400000, 0x00000000fc400000| Untracked 
|   5|0x00000000fc500000, 0x00000000fc600000, 0x00000000fc600000|100%| O|  |TAMS 0x00000000fc500000, 0x00000000fc500000| Untracked 
|   6|0x00000000fc600000, 0x00000000fc700000, 0x00000000fc700000|100%| O|  |TAMS 0x00000000fc600000, 0x00000000fc600000| Untracked 
|   7|0x00000000fc700000, 0x00000000fc800000, 0x00000000fc800000|100%| O|  |TAMS 0x00000000fc700000, 0x00000000fc700000| Untracked 
|   8|0x00000000fc800000, 0x00000000fc900000, 0x00000000fc900000|100%| O|  |TAMS 0x00000000fc800000, 0x00000000fc800000| Untracked 
|   9|0x00000000fc900000, 0x00000000fca00000, 0x00000000fca00000|100%| O|  |TAMS 0x00000000fc900000, 0x00000000fc900000| Untracked 
|  10|0x00000000fca00000, 0x00000000fcb00000, 0x00000000fcb00000|100%| O|  |TAMS 0x00000000fca00000, 0x00000000fca00000| Untracked 
|  11|0x00000000fcb00000, 0x00000000fcba7200, 0x00000000fcc00000| 65%| O|  |TAMS 0x00000000fcb00000, 0x00000000fcb00000| Untracked 
|  12|0x00000000fcc00000, 0x00000000fcc00000, 0x00000000fcd00000|  0%| F|  |TAMS 0x00000000fcc00000, 0x00000000fcc00000| Untracked 
|  13|0x00000000fcd00000, 0x00000000fcd00000, 0x00000000fce00000|  0%| F|  |TAMS 0x00000000fcd00000, 0x00000000fcd00000| Untracked 
|  14|0x00000000fce00000, 0x00000000fce00000, 0x00000000fcf00000|  0%| F|  |TAMS 0x00000000fce00000, 0x00000000fce00000| Untracked 
|  15|0x00000000fcf00000, 0x00000000fcf00000, 0x00000000fd000000|  0%| F|  |TAMS 0x00000000fcf00000, 0x00000000fcf00000| Untracked 
|  16|0x00000000fd000000, 0x00000000fd000000, 0x00000000fd100000|  0%| F|  |TAMS 0x00000000fd000000, 0x00000000fd000000| Untracked 
|  17|0x00000000fd100000, 0x00000000fd100000, 0x00000000fd200000|  0%| F|  |TAMS 0x00000000fd100000, 0x00000000fd100000| Untracked 
|  18|0x00000000fd200000, 0x00000000fd200000, 0x00000000fd300000|  0%| F|  |TAMS 0x00000000fd200000, 0x00000000fd200000| Untracked 
|  19|0x00000000fd300000, 0x00000000fd300000, 0x00000000fd400000|  0%| F|  |TAMS 0x00000000fd300000, 0x00000000fd300000| Untracked 
|  20|0x00000000fd400000, 0x00000000fd400000, 0x00000000fd500000|  0%| F|  |TAMS 0x00000000fd400000, 0x00000000fd400000| Untracked 
|  21|0x00000000fd500000, 0x00000000fd500000, 0x00000000fd600000|  0%| F|  |TAMS 0x00000000fd500000, 0x00000000fd500000| Untracked 
|  22|0x00000000fd600000, 0x00000000fd600000, 0x00000000fd700000|  0%| F|  |TAMS 0x00000000fd600000, 0x00000000fd600000| Untracked 
|  23|0x00000000fd700000, 0x00000000fd700000, 0x00000000fd800000|  0%| F|  |TAMS 0x00000000fd700000, 0x00000000fd700000| Untracked 
|  24|0x00000000fd800000, 0x00000000fd800000, 0x00000000fd900000|  0%| F|  |TAMS 0x00000000fd800000, 0x00000000fd800000| Untracked 
|  25|0x00000000fd900000, 0x00000000fd900000, 0x00000000fda00000|  0%| F|  |TAMS 0x00000000fd900000, 0x00000000fd900000| Untracked 
|  26|0x00000000fda00000, 0x00000000fda00000, 0x00000000fdb00000|  0%| F|  |TAMS 0x00000000fda00000, 0x00000000fda00000| Untracked 
|  27|0x00000000fdb00000, 0x00000000fdb00000, 0x00000000fdc00000|  0%| F|  |TAMS 0x00000000fdb00000, 0x00000000fdb00000| Untracked 
|  28|0x00000000fdc00000, 0x00000000fdc00000, 0x00000000fdd00000|  0%| F|  |TAMS 0x00000000fdc00000, 0x00000000fdc00000| Untracked 
|  29|0x00000000fdd00000, 0x00000000fdd00000, 0x00000000fde00000|  0%| F|  |TAMS 0x00000000fdd00000, 0x00000000fdd00000| Untracked 
|  30|0x00000000fde00000, 0x00000000fde00000, 0x00000000fdf00000|  0%| F|  |TAMS 0x00000000fde00000, 0x00000000fde00000| Untracked 
|  31|0x00000000fdf00000, 0x00000000fdf00000, 0x00000000fe000000|  0%| F|  |TAMS 0x00000000fdf00000, 0x00000000fdf00000| Untracked 
|  32|0x00000000fe000000, 0x00000000fe000000, 0x00000000fe100000|  0%| F|  |TAMS 0x00000000fe000000, 0x00000000fe000000| Untracked 
|  33|0x00000000fe100000, 0x00000000fe100000, 0x00000000fe200000|  0%| F|  |TAMS 0x00000000fe100000, 0x00000000fe100000| Untracked 
|  34|0x00000000fe200000, 0x00000000fe200000, 0x00000000fe300000|  0%| F|  |TAMS 0x00000000fe200000, 0x00000000fe200000| Untracked 
|  35|0x00000000fe300000, 0x00000000fe300000, 0x00000000fe400000|  0%| F|  |TAMS 0x00000000fe300000, 0x00000000fe300000| Untracked 
|  36|0x00000000fe400000, 0x00000000fe4b5228, 0x00000000fe500000| 70%| S|CS|TAMS 0x00000000fe400000, 0x00000000fe400000| Complete 
|  37|0x00000000fe500000, 0x00000000fe600000, 0x00000000fe600000|100%| S|CS|TAMS 0x00000000fe500000, 0x00000000fe500000| Complete 
|  38|0x00000000fe600000, 0x00000000fe600000, 0x00000000fe700000|  0%| F|  |TAMS 0x00000000fe600000, 0x00000000fe600000| Untracked 
|  39|0x00000000fe700000, 0x00000000fe700000, 0x00000000fe800000|  0%| F|  |TAMS 0x00000000fe700000, 0x00000000fe700000| Untracked 
|  40|0x00000000fe800000, 0x00000000fe800000, 0x00000000fe900000|  0%| F|  |TAMS 0x00000000fe800000, 0x00000000fe800000| Untracked 
|  41|0x00000000fe900000, 0x00000000fe900000, 0x00000000fea00000|  0%| F|  |TAMS 0x00000000fe900000, 0x00000000fe900000| Untracked 
|  42|0x00000000fea00000, 0x00000000fea00000, 0x00000000feb00000|  0%| F|  |TAMS 0x00000000fea00000, 0x00000000fea00000| Untracked 
|  43|0x00000000feb00000, 0x00000000feb00000, 0x00000000fec00000|  0%| F|  |TAMS 0x00000000feb00000, 0x00000000feb00000| Untracked 
|  44|0x00000000fec00000, 0x00000000fec00000, 0x00000000fed00000|  0%| F|  |TAMS 0x00000000fec00000, 0x00000000fec00000| Untracked 
|  45|0x00000000fed00000, 0x00000000fed00000, 0x00000000fee00000|  0%| F|  |TAMS 0x00000000fed00000, 0x00000000fed00000| Untracked 
|  46|0x00000000fee00000, 0x00000000fee00000, 0x00000000fef00000|  0%| F|  |TAMS 0x00000000fee00000, 0x00000000fee00000| Untracked 
|  47|0x00000000fef00000, 0x00000000fef00000, 0x00000000ff000000|  0%| F|  |TAMS 0x00000000fef00000, 0x00000000fef00000| Untracked 
|  48|0x00000000ff000000, 0x00000000ff000000, 0x00000000ff100000|  0%| F|  |TAMS 0x00000000ff000000, 0x00000000ff000000| Untracked 
|  49|0x00000000ff100000, 0x00000000ff100000, 0x00000000ff200000|  0%| F|  |TAMS 0x00000000ff100000, 0x00000000ff100000| Untracked 
|  50|0x00000000ff200000, 0x00000000ff200000, 0x00000000ff300000|  0%| F|  |TAMS 0x00000000ff200000, 0x00000000ff200000| Untracked 
|  51|0x00000000ff300000, 0x00000000ff300000, 0x00000000ff400000|  0%| F|  |TAMS 0x00000000ff300000, 0x00000000ff300000| Untracked 
|  52|0x00000000ff400000, 0x00000000ff400000, 0x00000000ff500000|  0%| F|  |TAMS 0x00000000ff400000, 0x00000000ff400000| Untracked 
|  53|0x00000000ff500000, 0x00000000ff500000, 0x00000000ff600000|  0%| F|  |TAMS 0x00000000ff500000, 0x00000000ff500000| Untracked 
|  54|0x00000000ff600000, 0x00000000ff600000, 0x00000000ff700000|  0%| F|  |TAMS 0x00000000ff600000, 0x00000000ff600000| Untracked 
|  55|0x00000000ff700000, 0x00000000ff700000, 0x00000000ff800000|  0%| F|  |TAMS 0x00000000ff700000, 0x00000000ff700000| Untracked 
|  56|0x00000000ff800000, 0x00000000ff800000, 0x00000000ff900000|  0%| F|  |TAMS 0x00000000ff800000, 0x00000000ff800000| Untracked 
|  57|0x00000000ff900000, 0x00000000ff900000, 0x00000000ffa00000|  0%| F|  |TAMS 0x00000000ff900000, 0x00000000ff900000| Untracked 
|  58|0x00000000ffa00000, 0x00000000ffa00000, 0x00000000ffb00000|  0%| F|  |TAMS 0x00000000ffa00000, 0x00000000ffa00000| Untracked 
|  59|0x00000000ffb00000, 0x00000000ffb00000, 0x00000000ffc00000|  0%| F|  |TAMS 0x00000000ffb00000, 0x00000000ffb00000| Untracked 
|  60|0x00000000ffc00000, 0x00000000ffc00000, 0x00000000ffd00000|  0%| F|  |TAMS 0x00000000ffc00000, 0x00000000ffc00000| Untracked 
|  61|0x00000000ffd00000, 0x00000000ffd00000, 0x00000000ffe00000|  0%| F|  |TAMS 0x00000000ffd00000, 0x00000000ffd00000| Untracked 
|  62|0x00000000ffe00000, 0x00000000ffee7770, 0x00000000fff00000| 90%| E|  |TAMS 0x00000000ffe00000, 0x00000000ffe00000| Complete 
|  63|0x00000000fff00000, 0x0000000100000000, 0x0000000100000000|100%| E|CS|TAMS 0x00000000fff00000, 0x00000000fff00000| Complete 

Card table byte_map: [0x000001c37d890000,0x000001c37d8b0000] _byte_map_base: 0x000001c37d0b0000

Marking Bits (Prev, Next): (CMBitMap*) 0x000001c37d972e10, (CMBitMap*) 0x000001c37d972e50
 Prev Bits: [0x000001c37e280000, 0x000001c37e380000)
 Next Bits: [0x000001c37e380000, 0x000001c37e480000)

Polling page: 0x000001c37d100000

Metaspace:

Usage:
  Non-class:     10.75 MB used.
      Class:      1.61 MB used.
       Both:     12.36 MB used.

Virtual space:
  Non-class space:       64.00 MB reserved,      10.88 MB ( 17%) committed,  1 nodes.
      Class space:        1.00 GB reserved,       1.75 MB ( <1%) committed,  1 nodes.
             Both:        1.06 GB reserved,      12.62 MB (  1%) committed. 

Chunk freelists:
   Non-Class:  4.66 MB
       Class:  14.17 MB
        Both:  18.83 MB

MaxMetaspaceSize: unlimited
CompressedClassSpaceSize: 1.00 GB
Initial GC threshold: 21.00 MB
Current GC threshold: 21.00 MB
CDS: on
MetaspaceReclaimPolicy: balanced
 - commit_granule_bytes: 65536.
 - commit_granule_words: 8192.
 - virtual_space_node_default_size: 8388608.
 - enlarge_chunks_in_place: 1.
 - new_chunks_are_fully_committed: 0.
 - uncommit_free_chunks: 1.
 - use_allocation_guard: 0.
 - handle_deallocations: 1.


Internal statistics:

num_allocs_failed_limit: 0.
num_arena_births: 126.
num_arena_deaths: 0.
num_vsnodes_births: 2.
num_vsnodes_deaths: 0.
num_space_committed: 202.
num_space_uncommitted: 0.
num_chunks_returned_to_freelist: 0.
num_chunks_taken_from_freelist: 497.
num_chunk_merges: 0.
num_chunk_splits: 324.
num_chunks_enlarged: 265.
num_inconsistent_stats: 0.

CodeHeap 'non-profiled nmethods': size=119168Kb used=992Kb max_used=992Kb free=118176Kb
 bounds [0x000001c30f660000, 0x000001c30f8d0000, 0x000001c316ac0000]
CodeHeap 'profiled nmethods': size=119104Kb used=4621Kb max_used=4621Kb free=114482Kb
 bounds [0x000001c307ac0000, 0x000001c307f50000, 0x000001c30ef10000]
CodeHeap 'non-nmethods': size=7488Kb used=1195Kb max_used=2899Kb free=6292Kb
 bounds [0x000001c30ef10000, 0x000001c30f1f0000, 0x000001c30f660000]
 total_blobs=2883 nmethods=2392 adapters=403
 compilation: enabled
              stopped_count=0, restarted_count=0
 full_count=0

Compilation events (20 events):
Event: 91.529 Thread 0x000001c37f3cad80 nmethod 2383 0x000001c30f755a10 code [0x000001c30f755bc0, 0x000001c30f755d88]
Event: 91.999 Thread 0x000001c37f3cad80 2384       4       java.util.Collections$SingletonList::get (41 bytes)
Event: 92.000 Thread 0x000001c37f3cad80 nmethod 2384 0x000001c30f755f10 code [0x000001c30f7560a0, 0x000001c30f756138]
Event: 94.106 Thread 0x000001c37f3cad80 2385       4       org.gradle.internal.operations.OperationIdentifier::equals (47 bytes)
Event: 94.115 Thread 0x000001c37f3cad80 nmethod 2385 0x000001c30f756210 code [0x000001c30f7563a0, 0x000001c30f756478]
Event: 95.303 Thread 0x000001c37f3ce400 2386       3       java.io.FileOutputStream::write (20 bytes)
Event: 95.305 Thread 0x000001c37f3ce400 nmethod 2386 0x000001c307f42110 code [0x000001c307f422c0, 0x000001c307f42488]
Event: 95.305 Thread 0x000001c37f3ce400 2387       3       java.io.FileDescriptor$1::getAppend (5 bytes)
Event: 95.305 Thread 0x000001c37f3ce400 nmethod 2387 0x000001c307f42590 code [0x000001c307f42720, 0x000001c307f42838]
Event: 96.017 Thread 0x000001c37f3cad80 2388       4       java.util.LinkedHashMap$LinkedValueIterator::next (8 bytes)
Event: 96.050 Thread 0x000001c37f3cad80 nmethod 2388 0x000001c30f756510 code [0x000001c30f7566a0, 0x000001c30f756918]
Event: 96.305 Thread 0x000001c37f3ce400 2389   !   3       java.io.PrintStream::write (69 bytes)
Event: 96.312 Thread 0x000001c37f3ce400 nmethod 2389 0x000001c307f42910 code [0x000001c307f42b20, 0x000001c307f431f8]
Event: 98.497 Thread 0x000001c37f3cad80 2390       4       java.lang.AbstractStringBuilder::insert (54 bytes)
Event: 98.591 Thread 0x000001c37f3cad80 nmethod 2390 0x000001c30f756a10 code [0x000001c30f756bc0, 0x000001c30f757528]
Event: 98.591 Thread 0x000001c37f3cad80 2391       4       java.lang.String::checkOffset (48 bytes)
Event: 98.592 Thread 0x000001c37f3cad80 nmethod 2391 0x000001c30f757a10 code [0x000001c30f757ba0, 0x000001c30f757c38]
Event: 102.718 Thread 0x000001c37f3cad80 2392       4       java.io.OutputStream::flush (1 bytes)
Event: 102.719 Thread 0x000001c37f3cad80 nmethod 2392 0x000001c30f757d10 code [0x000001c30f757e80, 0x000001c30f757ef8]
Event: 103.800 Thread 0x000001c37f3cad80 2393       4       org.gradle.internal.logging.console.DefaultRedrawableLabel::redraw (163 bytes)

GC Heap History (6 events):
Event: 1.095 GC heap before
{Heap before GC invocations=0 (full 0):
 garbage-first heap   total 65536K, used 22528K [0x00000000fc000000, 0x0000000100000000)
  region size 1024K, 23 young (23552K), 0 survivors (0K)
 Metaspace       used 1705K, committed 1856K, reserved 1114112K
  class space    used 156K, committed 192K, reserved 1048576K
}
Event: 1.101 GC heap after
{Heap after GC invocations=1 (full 0):
 garbage-first heap   total 65536K, used 2048K [0x00000000fc000000, 0x0000000100000000)
  region size 1024K, 2 young (2048K), 2 survivors (2048K)
 Metaspace       used 1705K, committed 1856K, reserved 1114112K
  class space    used 156K, committed 192K, reserved 1048576K
}
Event: 2.795 GC heap before
{Heap before GC invocations=1 (full 0):
 garbage-first heap   total 65536K, used 35840K [0x00000000fc000000, 0x0000000100000000)
  region size 1024K, 32 young (32768K), 2 survivors (2048K)
 Metaspace       used 6802K, committed 7040K, reserved 1114112K
  class space    used 904K, committed 1024K, reserved 1048576K
}
Event: 2.801 GC heap after
{Heap after GC invocations=2 (full 0):
 garbage-first heap   total 65536K, used 12564K [0x00000000fc000000, 0x0000000100000000)
  region size 1024K, 4 young (4096K), 4 survivors (4096K)
 Metaspace       used 6802K, committed 7040K, reserved 1114112K
  class space    used 904K, committed 1024K, reserved 1048576K
}
Event: 69.197 GC heap before
{Heap before GC invocations=2 (full 0):
 garbage-first heap   total 65536K, used 39188K [0x00000000fc000000, 0x0000000100000000)
  region size 1024K, 30 young (30720K), 4 survivors (4096K)
 Metaspace       used 12629K, committed 12928K, reserved 1114112K
  class space    used 1647K, committed 1792K, reserved 1048576K
}
Event: 69.289 GC heap after
{Heap after GC invocations=3 (full 0):
 garbage-first heap   total 65536K, used 13681K [0x00000000fc000000, 0x0000000100000000)
  region size 1024K, 2 young (2048K), 2 survivors (2048K)
 Metaspace       used 12629K, committed 12928K, reserved 1114112K
  class space    used 1647K, committed 1792K, reserved 1048576K
}

Dll operation events (13 events):
Event: 0.030 Loaded shared library C:\Program Files\Microsoft\jdk-17.0.17.10-hotspot\bin\java.dll
Event: 0.074 Loaded shared library C:\Program Files\Microsoft\jdk-17.0.17.10-hotspot\bin\jsvml.dll
Event: 0.157 Loaded shared library C:\Program Files\Microsoft\jdk-17.0.17.10-hotspot\bin\net.dll
Event: 0.165 Loaded shared library C:\Program Files\Microsoft\jdk-17.0.17.10-hotspot\bin\nio.dll
Event: 0.172 Loaded shared library C:\Program Files\Microsoft\jdk-17.0.17.10-hotspot\bin\zip.dll
Event: 1.112 Loaded shared library C:\Program Files\Microsoft\jdk-17.0.17.10-hotspot\bin\jimage.dll
Event: 2.233 Loaded shared library C:\Program Files\Microsoft\jdk-17.0.17.10-hotspot\bin\management.dll
Event: 2.240 Loaded shared library C:\Program Files\Microsoft\jdk-17.0.17.10-hotspot\bin\management_ext.dll
Event: 2.344 Loaded shared library C:\Users\paval\.gradle\native\660c5614fbf4a5f2a75b1949f50a0caf5cd603558e7d8a26e50b933a0cfb79d1\windows-amd64\native-platform.dll
Event: 2.414 Loaded shared library C:\Users\paval\.gradle\native\jansi\2.4.2\Windows\x86_64\jansi.dll
Event: 3.034 Loaded shared library C:\Program Files\Microsoft\jdk-17.0.17.10-hotspot\bin\extnet.dll
Event: 3.530 Loaded shared library C:\Program Files\Microsoft\jdk-17.0.17.10-hotspot\bin\verify.dll
Event: 6.276 Loaded shared library C:\Program Files\Microsoft\jdk-17.0.17.10-hotspot\bin\sunmscapi.dll

Deoptimization events (20 events):
Event: 6.235 Thread 0x000001c37b61ea30 Uncommon trap: trap_request=0xffffff45 fr.pc=0x000001c30f6ad830 relative=0x0000000000000af0
Event: 6.235 Thread 0x000001c37b61ea30 Uncommon trap: reason=unstable_if action=reinterpret pc=0x000001c30f6ad830 method=java.util.HashMap.putVal(ILjava/lang/Object;Ljava/lang/Object;ZZ)Ljava/lang/Object; @ 162 c2
Event: 6.235 Thread 0x000001c37b61ea30 DEOPT PACKING pc=0x000001c30f6ad830 sp=0x000000889f9fb6b0
Event: 6.235 Thread 0x000001c37b61ea30 DEOPT UNPACKING pc=0x000001c30ef669a3 sp=0x000000889f9fb5e8 mode 2
Event: 33.068 Thread 0x000001c37b61ea30 Uncommon trap: trap_request=0xffffff45 fr.pc=0x000001c30f683bdc relative=0x00000000000003bc
Event: 33.068 Thread 0x000001c37b61ea30 Uncommon trap: reason=unstable_if action=reinterpret pc=0x000001c30f683bdc method=java.lang.StringUTF16.compress([CII)[B @ 13 c2
Event: 33.068 Thread 0x000001c37b61ea30 DEOPT PACKING pc=0x000001c30f683bdc sp=0x000000889f9fd180
Event: 33.068 Thread 0x000001c37b61ea30 DEOPT UNPACKING pc=0x000001c30ef669a3 sp=0x000000889f9fd0c0 mode 2
Event: 33.806 Thread 0x000001c35f6caef0 Uncommon trap: trap_request=0xffffff45 fr.pc=0x000001c30f681554 relative=0x00000000000001b4
Event: 33.806 Thread 0x000001c35f6caef0 Uncommon trap: reason=unstable_if action=reinterpret pc=0x000001c30f681554 method=java.lang.String.indexOf(II)I @ 4 c2
Event: 33.806 Thread 0x000001c35f6caef0 DEOPT PACKING pc=0x000001c30f681554 sp=0x00000088a0efe530
Event: 33.806 Thread 0x000001c35f6caef0 DEOPT UNPACKING pc=0x000001c30ef669a3 sp=0x00000088a0efe4d0 mode 2
Event: 33.806 Thread 0x000001c35f6caef0 Uncommon trap: trap_request=0xffffff45 fr.pc=0x000001c30f67e37c relative=0x000000000000025c
Event: 33.806 Thread 0x000001c35f6caef0 Uncommon trap: reason=unstable_if action=reinterpret pc=0x000001c30f67e37c method=java.lang.String.getChars(II[CI)V @ 23 c2
Event: 33.806 Thread 0x000001c35f6caef0 DEOPT PACKING pc=0x000001c30f67e37c sp=0x00000088a0efe580
Event: 33.806 Thread 0x000001c35f6caef0 DEOPT UNPACKING pc=0x000001c30ef669a3 sp=0x00000088a0efe540 mode 2
Event: 33.912 Thread 0x000001c37b61ea30 Uncommon trap: trap_request=0xffffff45 fr.pc=0x000001c30f684118 relative=0x00000000000001f8
Event: 33.912 Thread 0x000001c37b61ea30 Uncommon trap: reason=unstable_if action=reinterpret pc=0x000001c30f684118 method=java.lang.StringUTF16.compress([CII)[B @ 13 c2
Event: 33.912 Thread 0x000001c37b61ea30 DEOPT PACKING pc=0x000001c30f684118 sp=0x000000889f9fd110
Event: 33.912 Thread 0x000001c37b61ea30 DEOPT UNPACKING pc=0x000001c30ef669a3 sp=0x000000889f9fd0b0 mode 2

Classes loaded (20 events):
Event: 6.404 Loading class sun/util/logging/internal/LoggingProviderImpl$JULWrapper
Event: 6.404 Loading class sun/util/logging/PlatformLogger$ConfigurableBridge$LoggerConfiguration
Event: 6.404 Loading class sun/util/logging/PlatformLogger$ConfigurableBridge$LoggerConfiguration done
Event: 6.404 Loading class sun/util/logging/internal/LoggingProviderImpl$JULWrapper done
Event: 6.405 Loading class java/io/ObjectInputFilter
Event: 6.405 Loading class java/io/ObjectInputFilter done
Event: 6.405 Loading class java/io/ObjectInputFilter$Config$BuiltinFilterFactory
Event: 6.405 Loading class java/io/ObjectInputFilter$Config$BuiltinFilterFactory done
Event: 6.405 Loading class jdk/internal/access/JavaObjectInputFilterAccess
Event: 6.405 Loading class jdk/internal/access/JavaObjectInputFilterAccess done
Event: 6.406 Loading class java/lang/System$Logger$Level
Event: 6.406 Loading class java/lang/System$Logger$Level done
Event: 6.406 Loading class java/io/Bits
Event: 6.406 Loading class java/io/Bits done
Event: 28.203 Loading class java/util/ArrayList$ListItr
Event: 28.203 Loading class java/util/ArrayList$ListItr done
Event: 33.806 Loading class sun/nio/cs/Surrogate$Parser
Event: 33.806 Loading class sun/nio/cs/Surrogate$Parser done
Event: 33.806 Loading class sun/nio/cs/Surrogate
Event: 33.807 Loading class sun/nio/cs/Surrogate done

Classes unloaded (0 events):
No events

Classes redefined (0 events):
No events

Internal exceptions (20 events):
Event: 2.767 Thread 0x000001c37b61ea30 Exception <a 'java/lang/NoSuchMethodError'{0x00000000fe1b9418}: 'int java.lang.invoke.DirectMethodHandle$Holder.invokeStatic(java.lang.Object)'> (0x00000000fe1b9418) 
thrown [s\src\hotspot\share\interpreter\linkResolver.cpp, line 759]
Event: 2.768 Thread 0x000001c37b61ea30 Exception <a 'java/lang/NoSuchMethodError'{0x00000000fe1bcb70}: 'int java.lang.invoke.DirectMethodHandle$Holder.invokeStaticInit(java.lang.Object)'> (0x00000000fe1bcb70) 
thrown [s\src\hotspot\share\interpreter\linkResolver.cpp, line 759]
Event: 3.334 Thread 0x000001c37b61ea30 Exception <a 'java/lang/NoSuchMethodError'{0x00000000ff733b18}: 'long java.lang.invoke.DirectMethodHandle$Holder.invokeInterface(java.lang.Object, java.lang.Object)'> (0x00000000ff733b18) 
thrown [s\src\hotspot\share\interpreter\linkResolver.cpp, line 759]
Event: 3.387 Thread 0x000001c37b61ea30 Exception <a 'java/lang/NoSuchMethodError'{0x00000000ff67e848}: 'java.lang.Object java.lang.invoke.DirectMethodHandle$Holder.invokeSpecialIFC(java.lang.Object, java.lang.Object, java.lang.Object, java.lang.Object)'> (0x00000000ff67e848) 
thrown [s\src\hotspot\share\interpreter\linkResolver.cpp, line 759]
Event: 3.444 Thread 0x000001c37b61ea30 Exception <a 'java/lang/NoSuchMethodError'{0x00000000ff5a3bb0}: 'int java.lang.invoke.DirectMethodHandle$Holder.invokeVirtual(java.lang.Object, java.lang.Object, java.lang.Object)'> (0x00000000ff5a3bb0) 
thrown [s\src\hotspot\share\interpreter\linkResolver.cpp, line 759]
Event: 3.469 Thread 0x000001c37b61ea30 Exception <a 'java/lang/NoSuchMethodError'{0x00000000ff5fd6f0}: 'java.lang.Object java.lang.invoke.DirectMethodHandle$Holder.newInvokeSpecial(java.lang.Object, java.lang.Object, java.lang.Object, java.lang.Object, int)'> (0x00000000ff5fd6f0) 
thrown [s\src\hotspot\share\interpreter\linkResolver.cpp, line 759]
Event: 3.470 Thread 0x000001c37b61ea30 Exception <a 'java/lang/NoSuchMethodError'{0x00000000ff401e60}: 'java.lang.Object java.lang.invoke.DirectMethodHandle$Holder.invokeSpecial(java.lang.Object, java.lang.Object, java.lang.Object, java.lang.Object, java.lang.Object, int)'> (0x00000000ff401e60) 
thrown [s\src\hotspot\share\interpreter\linkResolver.cpp, line 759]
Event: 3.471 Thread 0x000001c37b61ea30 Exception <a 'java/lang/NoSuchMethodError'{0x00000000ff405b48}: 'java.lang.Object java.lang.invoke.Invokers$Holder.linkToTargetMethod(java.lang.Object, java.lang.Object, java.lang.Object, int, java.lang.Object)'> (0x00000000ff405b48) 
thrown [s\src\hotspot\share\interpreter\linkResolver.cpp, line 759]
Event: 3.481 Thread 0x000001c37b61ea30 Exception <a 'java/lang/IncompatibleClassChangeError'{0x00000000ff4256e0}: Found class java.lang.Object, but interface was expected> (0x00000000ff4256e0) 
thrown [s\src\hotspot\share\interpreter\linkResolver.cpp, line 826]
Event: 3.486 Thread 0x000001c37b61ea30 Exception <a 'java/lang/NoSuchMethodError'{0x00000000ff43d628}: 'int java.lang.invoke.DirectMethodHandle$Holder.invokeStatic(java.lang.Object, java.lang.Object, java.lang.Object, java.lang.Object)'> (0x00000000ff43d628) 
thrown [s\src\hotspot\share\interpreter\linkResolver.cpp, line 759]
Event: 3.494 Thread 0x000001c37b61ea30 Exception <a 'java/lang/NoSuchMethodError'{0x00000000ff44a738}: 'java.lang.Object java.lang.invoke.DirectMethodHandle$Holder.invokeStaticInit(java.lang.Object, java.lang.Object, java.lang.Object)'> (0x00000000ff44a738) 
thrown [s\src\hotspot\share\interpreter\linkResolver.cpp, line 759]
Event: 3.511 Thread 0x000001c35f679920 Exception <a 'java/lang/NoSuchMethodError'{0x00000000ff4d46e8}: 'void java.lang.invoke.DirectMethodHandle$Holder.invokeInterface(java.lang.Object, java.lang.Object, java.lang.Object)'> (0x00000000ff4d46e8) 
thrown [s\src\hotspot\share\interpreter\linkResolver.cpp, line 759]
Event: 3.615 Thread 0x000001c37b61ea30 Exception <a 'java/lang/NoSuchMethodError'{0x00000000ff00be88}: 'java.lang.Object java.lang.invoke.Invokers$Holder.invokeExact_MT(java.lang.Object, java.lang.Object, java.lang.Object, java.lang.Object, java.lang.Object, java.lang.Object)'> (0x00000000ff00be88) 
thrown [s\src\hotspot\share\interpreter\linkResolver.cpp, line 759]
Event: 3.633 Thread 0x000001c37b61ea30 Implicit null exception at 0x000001c30f6afdf2 to 0x000001c30f6b03c0
Event: 4.027 Thread 0x000001c35f555f60 Exception <a 'java/lang/NoSuchMethodError'{0x00000000fea115b0}: 'void java.lang.invoke.DirectMethodHandle$Holder.invokeStatic(java.lang.Object, long)'> (0x00000000fea115b0) 
thrown [s\src\hotspot\share\interpreter\linkResolver.cpp, line 759]
Event: 4.028 Thread 0x000001c35f555f60 Exception <a 'java/lang/NoSuchMethodError'{0x00000000fea16c90}: 'java.lang.Object java.lang.invoke.DirectMethodHandle$Holder.newInvokeSpecial(java.lang.Object, long)'> (0x00000000fea16c90) 
thrown [s\src\hotspot\share\interpreter\linkResolver.cpp, line 759]
Event: 4.031 Thread 0x000001c35f555f60 Exception <a 'java/lang/NoSuchMethodError'{0x00000000fea1df70}: 'java.lang.Object java.lang.invoke.DirectMethodHandle$Holder.invokeStatic(java.lang.Object, java.lang.Object, long, java.lang.Object)'> (0x00000000fea1df70) 
thrown [s\src\hotspot\share\interpreter\linkResolver.cpp, line 759]
Event: 4.032 Thread 0x000001c35f555f60 Exception <a 'java/lang/NoSuchMethodError'{0x00000000fea219a0}: 'java.lang.Object java.lang.invoke.DirectMethodHandle$Holder.invokeStaticInit(java.lang.Object, java.lang.Object, long, java.lang.Object)'> (0x00000000fea219a0) 
thrown [s\src\hotspot\share\interpreter\linkResolver.cpp, line 759]
Event: 4.033 Thread 0x000001c35f555f60 Exception <a 'java/lang/NoSuchMethodError'{0x00000000fea28038}: 'java.lang.Object java.lang.invoke.DirectMethodHandle$Holder.newInvokeSpecial(java.lang.Object, java.lang.Object, long)'> (0x00000000fea28038) 
thrown [s\src\hotspot\share\interpreter\linkResolver.cpp, line 759]
Event: 4.034 Thread 0x000001c35f555f60 Exception <a 'java/lang/NoSuchMethodError'{0x00000000fea2c328}: 'java.lang.Object java.lang.invoke.Invokers$Holder.linkToTargetMethod(java.lang.Object, long, java.lang.Object)'> (0x00000000fea2c328) 
thrown [s\src\hotspot\share\interpreter\linkResolver.cpp, line 759]

VM Operations (20 events):
Event: 74.326 Executing VM operation: Cleanup
Event: 74.326 Executing VM operation: Cleanup done
Event: 76.333 Executing VM operation: Cleanup
Event: 76.333 Executing VM operation: Cleanup done
Event: 77.334 Executing VM operation: Cleanup
Event: 77.334 Executing VM operation: Cleanup done
Event: 78.347 Executing VM operation: Cleanup
Event: 78.347 Executing VM operation: Cleanup done
Event: 80.361 Executing VM operation: Cleanup
Event: 80.361 Executing VM operation: Cleanup done
Event: 81.368 Executing VM operation: Cleanup
Event: 81.368 Executing VM operation: Cleanup done
Event: 92.457 Executing VM operation: Cleanup
Event: 92.457 Executing VM operation: Cleanup done
Event: 96.490 Executing VM operation: Cleanup
Event: 96.490 Executing VM operation: Cleanup done
Event: 97.494 Executing VM operation: Cleanup
Event: 97.502 Executing VM operation: Cleanup done
Event: 103.549 Executing VM operation: Cleanup
Event: 103.550 Executing VM operation: Cleanup done

Memory protections (0 events):
No events

Nmethod flushes (0 events):
No events

Events (20 events):
Event: 3.500 Thread 0x000001c35f679920 Thread added: 0x000001c35f555030
Event: 3.519 Thread 0x000001c35f679920 Thread added: 0x000001c35f555a50
Event: 4.007 Thread 0x000001c37b61ea30 Thread added: 0x000001c35f555f60
Event: 4.036 Thread 0x000001c35f555f60 Thread added: 0x000001c35f556980
Event: 4.037 Thread 0x000001c35f556980 Thread exited: 0x000001c35f556980
Event: 4.038 Thread 0x000001c35f555f60 Thread added: 0x000001c35f554b20
Event: 6.175 Thread 0x000001c35f555f60 Thread exited: 0x000001c35f555f60
Event: 6.175 Thread 0x000001c35f554b20 Thread exited: 0x000001c35f554b20
Event: 6.260 Thread 0x000001c318b74010 Thread added: 0x000001c35f4d9440
Event: 6.407 Thread 0x000001c35f4d9440 Thread exited: 0x000001c35f4d9440
Event: 7.195 Thread 0x000001c35ec89610 Thread exited: 0x000001c35ec89610
Event: 9.103 Thread 0x000001c318cd2850 Thread exited: 0x000001c318cd2850
Event: 9.303 Thread 0x000001c318b74010 Thread exited: 0x000001c318b74010
Event: 39.784 Thread 0x000001c37f3ce400 Thread added: 0x000001c35e467470
Event: 44.804 Thread 0x000001c35e467470 Thread exited: 0x000001c35e467470
Event: 56.769 Thread 0x000001c37f3ce400 Thread added: 0x000001c35f43e760
Event: 56.769 Thread 0x000001c37f3ce400 Thread added: 0x000001c35f43f490
Event: 58.524 Thread 0x000001c35f43f490 Thread exited: 0x000001c35f43f490
Event: 58.524 Thread 0x000001c35f43e760 Thread exited: 0x000001c35f43e760
Event: 63.728 Thread 0x000001c35f679920 Thread exited: 0x000001c35f679920


Dynamic libraries:
0x00007ff7541b0000 - 0x00007ff7541be000 	C:\Program Files\Microsoft\jdk-17.0.17.10-hotspot\bin\java.exe
0x00007ff946cc0000 - 0x00007ff946f27000 	C:\WINDOWS\SYSTEM32\ntdll.dll
0x00007ff944c20000 - 0x00007ff944ce9000 	C:\WINDOWS\System32\KERNEL32.DLL
0x00007ff943f60000 - 0x00007ff944357000 	C:\WINDOWS\System32\KERNELBASE.dll
0x00007ff944610000 - 0x00007ff94475b000 	C:\WINDOWS\System32\ucrtbase.dll
0x00007ff938860000 - 0x00007ff938878000 	C:\Program Files\Microsoft\jdk-17.0.17.10-hotspot\bin\jli.dll
0x00007ff938840000 - 0x00007ff93885e000 	C:\Program Files\Microsoft\jdk-17.0.17.10-hotspot\bin\VCRUNTIME140.dll
0x00007ff9248a0000 - 0x00007ff924b32000 	C:\WINDOWS\WinSxS\amd64_microsoft.windows.common-controls_6595b64144ccf1df_6.0.26100.8457_none_3e0b2faee331e92d\COMCTL32.dll
0x00007ff946a90000 - 0x00007ff946c56000 	C:\WINDOWS\System32\USER32.dll
0x00007ff9447f0000 - 0x00007ff944817000 	C:\WINDOWS\System32\win32u.dll
0x00007ff944bf0000 - 0x00007ff944c1b000 	C:\WINDOWS\System32\GDI32.dll
0x00007ff9444e0000 - 0x00007ff94460c000 	C:\WINDOWS\System32\gdi32full.dll
0x00007ff944d70000 - 0x00007ff944e19000 	C:\WINDOWS\System32\msvcrt.dll
0x00007ff9448d0000 - 0x00007ff944973000 	C:\WINDOWS\System32\msvcp_win.dll
0x00007ff9468a0000 - 0x00007ff9468d2000 	C:\WINDOWS\System32\IMM32.DLL
0x00007ff93aeb0000 - 0x00007ff93aebc000 	C:\Program Files\Microsoft\jdk-17.0.17.10-hotspot\bin\vcruntime140_1.dll
0x00007ff8e1300000 - 0x00007ff8e1389000 	C:\Program Files\Microsoft\jdk-17.0.17.10-hotspot\bin\msvcp140.dll
0x00007ff8b1470000 - 0x00007ff8b20ea000 	C:\Program Files\Microsoft\jdk-17.0.17.10-hotspot\bin\server\jvm.dll
0x00007ff945260000 - 0x00007ff945316000 	C:\WINDOWS\System32\ADVAPI32.dll
0x00007ff9450d0000 - 0x00007ff945177000 	C:\WINDOWS\System32\sechost.dll
0x00007ff946210000 - 0x00007ff946328000 	C:\WINDOWS\System32\RPCRT4.dll
0x00007ff944b50000 - 0x00007ff944bd0000 	C:\WINDOWS\System32\WS2_32.dll
0x00007ff941530000 - 0x00007ff941566000 	C:\WINDOWS\SYSTEM32\WINMM.dll
0x00007ff943570000 - 0x00007ff9435ce000 	C:\WINDOWS\SYSTEM32\POWRPROF.dll
0x00007ff93e1e0000 - 0x00007ff93e1eb000 	C:\WINDOWS\SYSTEM32\VERSION.dll
0x00007ff943550000 - 0x00007ff943564000 	C:\WINDOWS\SYSTEM32\UMPDC.dll
0x00007ff942450000 - 0x00007ff94246b000 	C:\WINDOWS\SYSTEM32\kernel.appcore.dll
0x00007ff936b30000 - 0x00007ff936b3a000 	C:\Program Files\Microsoft\jdk-17.0.17.10-hotspot\bin\jimage.dll
0x00007ff941220000 - 0x00007ff941462000 	C:\WINDOWS\SYSTEM32\DBGHELP.DLL
0x00007ff946330000 - 0x00007ff9466b3000 	C:\WINDOWS\System32\combase.dll
0x00007ff945180000 - 0x00007ff945259000 	C:\WINDOWS\System32\OLEAUT32.dll
0x00007ff9414f0000 - 0x00007ff94152b000 	C:\WINDOWS\SYSTEM32\dbgcore.DLL
0x00007ff944820000 - 0x00007ff9448c8000 	C:\WINDOWS\System32\bcryptPrimitives.dll
0x00007ff92c6b0000 - 0x00007ff92c6d6000 	C:\Program Files\Microsoft\jdk-17.0.17.10-hotspot\bin\java.dll
0x00007ff8c7850000 - 0x00007ff8c7926000 	C:\Program Files\Microsoft\jdk-17.0.17.10-hotspot\bin\jsvml.dll
0x00007ff945a90000 - 0x00007ff9461fe000 	C:\WINDOWS\System32\SHELL32.dll
0x00007ff9436f0000 - 0x00007ff943f5c000 	C:\WINDOWS\System32\windows.storage.dll
0x00007ff944e70000 - 0x00007ff944f66000 	C:\WINDOWS\System32\SHCORE.dll
0x00007ff944d00000 - 0x00007ff944d66000 	C:\WINDOWS\System32\shlwapi.dll
0x00007ff943610000 - 0x00007ff943639000 	C:\WINDOWS\SYSTEM32\profapi.dll
0x00007ff92c690000 - 0x00007ff92c6ab000 	C:\Program Files\Microsoft\jdk-17.0.17.10-hotspot\bin\net.dll
0x00007ff93e800000 - 0x00007ff93e929000 	C:\WINDOWS\SYSTEM32\WINHTTP.dll
0x00007ff9429d0000 - 0x00007ff942a3c000 	C:\WINDOWS\system32\mswsock.dll
0x00007ff92c670000 - 0x00007ff92c686000 	C:\Program Files\Microsoft\jdk-17.0.17.10-hotspot\bin\nio.dll
0x00007ff8f2470000 - 0x00007ff8f2488000 	C:\Program Files\Microsoft\jdk-17.0.17.10-hotspot\bin\zip.dll
0x00007ff923d20000 - 0x00007ff923d2a000 	C:\Program Files\Microsoft\jdk-17.0.17.10-hotspot\bin\management.dll
0x00007ff91e8d0000 - 0x00007ff91e8dc000 	C:\Program Files\Microsoft\jdk-17.0.17.10-hotspot\bin\management_ext.dll
0x00007ff946c60000 - 0x00007ff946c68000 	C:\WINDOWS\System32\PSAPI.DLL
0x00007ff8e1990000 - 0x00007ff8e19b7000 	C:\Users\paval\.gradle\native\660c5614fbf4a5f2a75b1949f50a0caf5cd603558e7d8a26e50b933a0cfb79d1\windows-amd64\native-platform.dll
0x00007ff92c5d0000 - 0x00007ff92c5f4000 	C:\Users\paval\.gradle\native\jansi\2.4.2\Windows\x86_64\jansi.dll
0x00007ff942cd0000 - 0x00007ff942ceb000 	C:\WINDOWS\SYSTEM32\CRYPTSP.dll
0x00007ff9423b0000 - 0x00007ff9423e9000 	C:\WINDOWS\system32\rsaenh.dll
0x00007ff942aa0000 - 0x00007ff942ad3000 	C:\WINDOWS\SYSTEM32\USERENV.dll
0x00007ff9435e0000 - 0x00007ff94360a000 	C:\WINDOWS\SYSTEM32\bcrypt.dll
0x00007ff942cf0000 - 0x00007ff942cfc000 	C:\WINDOWS\SYSTEM32\CRYPTBASE.dll
0x00007ff941e30000 - 0x00007ff941e62000 	C:\WINDOWS\SYSTEM32\IPHLPAPI.DLL
0x00007ff944be0000 - 0x00007ff944bea000 	C:\WINDOWS\System32\NSI.dll
0x00007ff93ef70000 - 0x00007ff93ef8d000 	C:\WINDOWS\SYSTEM32\dhcpcsvc6.DLL
0x00007ff93ef30000 - 0x00007ff93ef55000 	C:\WINDOWS\SYSTEM32\dhcpcsvc.DLL
0x00007ff941e70000 - 0x00007ff941fa2000 	C:\WINDOWS\SYSTEM32\DNSAPI.dll
0x00007ff91dc70000 - 0x00007ff91dc79000 	C:\Program Files\Microsoft\jdk-17.0.17.10-hotspot\bin\extnet.dll
0x00007ff92a110000 - 0x00007ff92a120000 	C:\Program Files\Microsoft\jdk-17.0.17.10-hotspot\bin\verify.dll
0x00007ff91d620000 - 0x00007ff91d62e000 	C:\Program Files\Microsoft\jdk-17.0.17.10-hotspot\bin\sunmscapi.dll
0x00007ff944360000 - 0x00007ff9444d8000 	C:\WINDOWS\System32\CRYPT32.dll
0x00007ff942ef0000 - 0x00007ff942f20000 	C:\WINDOWS\SYSTEM32\ncrypt.dll
0x00007ff942ea0000 - 0x00007ff942edf000 	C:\WINDOWS\SYSTEM32\NTASN1.dll
0x00007ff93cdc0000 - 0x00007ff93cdc8000 	C:\WINDOWS\system32\wshunix.dll

dbghelp: loaded successfully - version: 4.0.5 - missing functions: none
symbol engine: initialized successfully - sym options: 0x614 - pdb path: .;C:\Program Files\Microsoft\jdk-17.0.17.10-hotspot\bin;C:\WINDOWS\SYSTEM32;C:\WINDOWS\WinSxS\amd64_microsoft.windows.common-controls_6595b64144ccf1df_6.0.26100.8457_none_3e0b2faee331e92d;C:\Program Files\Microsoft\jdk-17.0.17.10-hotspot\bin\server;C:\Users\paval\.gradle\native\660c5614fbf4a5f2a75b1949f50a0caf5cd603558e7d8a26e50b933a0cfb79d1\windows-amd64;C:\Users\paval\.gradle\native\jansi\2.4.2\Windows\x86_64

VM Arguments:
jvm_args: -Xmx64m -Xms64m -Dorg.gradle.appname=gradlew 
java_command: X:\Development\SIMBA\MOBILE_APP_REACT_NATIVE\android\\gradle\wrapper\gradle-wrapper.jar assembleDebug --no-daemon
java_class_path (initial): X:\Development\SIMBA\MOBILE_APP_REACT_NATIVE\android\\gradle\wrapper\gradle-wrapper.jar
Launcher Type: SUN_STANDARD

[Global flags]
     intx CICompilerCount                          = 12                                        {product} {ergonomic}
     uint ConcGCThreads                            = 3                                         {product} {ergonomic}
     uint G1ConcRefinementThreads                  = 13                                        {product} {ergonomic}
   size_t G1HeapRegionSize                         = 1048576                                   {product} {ergonomic}
    uintx GCDrainStackTargetSize                   = 64                                        {product} {ergonomic}
   size_t InitialHeapSize                          = 67108864                                  {product} {command line}
   size_t MarkStackSize                            = 4194304                                   {product} {ergonomic}
   size_t MaxHeapSize                              = 67108864                                  {product} {command line}
   size_t MaxNewSize                               = 39845888                                  {product} {ergonomic}
   size_t MinHeapDeltaBytes                        = 1048576                                   {product} {ergonomic}
   size_t MinHeapSize                              = 67108864                                  {product} {command line}
    uintx NonNMethodCodeHeapSize                   = 7602480                                {pd product} {ergonomic}
    uintx NonProfiledCodeHeapSize                  = 122027880                              {pd product} {ergonomic}
    uintx ProfiledCodeHeapSize                     = 122027880                              {pd product} {ergonomic}
    uintx ReservedCodeCacheSize                    = 251658240                              {pd product} {ergonomic}
     bool SegmentedCodeCache                       = true                                      {product} {ergonomic}
   size_t SoftMaxHeapSize                          = 67108864                               {manageable} {ergonomic}
     bool UseCompressedClassPointers               = true                           {product lp64_product} {ergonomic}
     bool UseCompressedOops                        = true                           {product lp64_product} {ergonomic}
     bool UseG1GC                                  = true                                      {product} {ergonomic}
     bool UseLargePagesIndividualAllocation        = false                                  {pd product} {ergonomic}

Logging:
Log output configuration:
 #0: stdout all=warning uptime,level,tags
 #1: stderr all=off uptime,level,tags

Environment Variables:
JAVA_HOME=C:\Program Files\Microsoft\jdk-17.0.17.10-hotspot
PATH=C:\Users\paval\AppData\Local\Android\Sdk\cmdline-tools\latest\bin;C:\Users\paval\AppData\Local\Android\Sdk\platform-tools;c:\\Users\\paval\\.trae\\tools\\trae-gopls\\current;c:\\Users\\paval\\.trae\\sdks\\workspaces\\93f43f8d\\versions\\node\\current;c:\\Users\\paval\\.trae\\sdks\\versions\\node\\current;C:\Program Files\PowerShell\7;c:\Users\paval\.trae\tools\trae-gopls\current;c:\Users\paval\.trae\sdks\workspaces\93f43f8d\versions\node\current;c:\Users\paval\.trae\sdks\versions\node\current;C:\Program Files\Microsoft\jdk-17.0.17.10-hotspot\bin;C:\Users\paval\anaconda3;C:\Users\paval\anaconda3\Scripts;C:\Users\paval\anaconda3\Library\bin;C:\WINDOWS\system32;C:\WINDOWS;C:\WINDOWS\System32\Wbem;C:\WINDOWS\System32\WindowsPowerShell\v1.0\;C:\WINDOWS\System32\OpenSSH\;C:\Program Files\Tailscale\;C:\Program Files\nodejs\;C:\Program Files\dotnet\;C:\Program Files (x86)\Windows Kits\10\Windows Performance Toolkit\;C:\Program Files\PowerShell\7\;C:\Program Files\Git\cmd;C:\Users\paval\.local\bin;C:\Users\paval\.cargo\bin;C:\Users\paval\anaconda3;C:\Users\paval\anaconda3\Scripts;C:\Users\paval\anaconda3\Library\bin;C:\Users\paval\AppData\Local\Microsoft\WindowsApps;C:\Users\paval\AppData\Local\Programs\Antigravity\bin;C:\Users\paval\AppData\Local\Programs\Microsoft VS Code\bin;C:\Users\paval\AppData\Roaming\npm;C:\Program Files\Microsoft\jdk-17.0.17.10-hotspot\bin;C:\Program Files\JetBrains\DataGrip 2025.3.3\bin;C:\Users\paval\.bun\bin;C:\Users\paval\AppData\Local\Microsoft\WinGet\Links;C:\Users\paval\AppData\Local\Programs\Qoder\bin;C:\Users\paval\AppData\Local\Programs\Antigravity IDE\bin;C:\Users\paval\AppData\Local\GitHubDesktop\bin;C:\Users\paval\.dotnet\tools;C:\Users\paval\AppData\Local\Microsoft\WinGet\Packages\mpv-player.mpv-CI.MSVC_Microsoft.Winget.Source_8wekyb3d8bbwe;;C:\Users\paval\AppData\Local\Programs\Warp\bin;C:\Users\paval\AppData\Local\Programs\Kiro\bin;c:\Users\paval\AppData\Local\Programs\Trae\resources\app\node_modules\@vscode\ripgrep\bin;C:\Users\paval\AppData\Local\Android\Sdk\platform-tools
USERNAME=paval
LANG=en_US.UTF-8
OS=Windows_NT
PROCESSOR_IDENTIFIER=AMD64 Family 25 Model 68 Stepping 1, AuthenticAMD
TMP=C:\Users\paval\AppData\Local\Temp
TEMP=C:\Users\paval\AppData\Local\Temp



Periodic native trim disabled


---------------  S Y S T E M  ---------------

OS:
 Windows 11 , 64 bit Build 26100 (10.0.26100.8328)
OS uptime: 60 days 23:11 hours
Hyper-V role detected

CPU: total 16 (initial active 16) (16 cores per cpu, 2 threads per core) family 25 model 68 stepping 1 microcode 0xa40410a, cx8, cmov, fxsr, ht, mmx, 3dnowpref, sse, sse2, sse3, ssse3, sse4a, sse4.1, sse4.2, popcnt, lzcnt, tsc, tscinvbit, avx, avx2, aes, erms, clmul, bmi1, bmi2, adx, sha, fma, vzeroupper, clflush, clflushopt, hv
Processor Information for the first 16 processors :
  Max Mhz: 3201, Current Mhz: 3201, Mhz Limit: 3201

Memory: 4k page, system-wide physical 13666M (1M free)
TotalPageFile size 45384M (AvailPageFile size 0M)
current process WorkingSet (physical memory assigned to process): 13M, peak: 123M
current process commit charge ("private bytes"): 183M, peak: 194M

vm_info: OpenJDK 64-Bit Server VM (17.0.17+10-LTS) for windows-amd64 JRE (17.0.17+10-LTS), built on Oct 13 2025 22:19:56 by "MicrosoftCorporation" with unknown MS VC++:1944

END.
